[2020-04-20 13:14:05,961] DEBUG preRegister called. Server=com.sun.jmx.mbeanserver.JmxMBeanServer@66d3c617, name=log4j:logger=kafka.controller (kafka.controller)
[2020-04-20 13:14:09,559] INFO [ControllerEventThread controllerId=0] Starting (kafka.controller.ControllerEventManager$ControllerEventThread)
[2020-04-20 13:14:09,603] INFO [Controller id=0] 0 successfully elected as the controller. Epoch incremented to 2 and epoch zk version is now 2 (kafka.controller.KafkaController)
[2020-04-20 13:14:09,603] INFO [Controller id=0] Registering handlers (kafka.controller.KafkaController)
[2020-04-20 13:14:09,620] INFO [Controller id=0] Deleting log dir event notifications (kafka.controller.KafkaController)
[2020-04-20 13:14:09,630] INFO [Controller id=0] Deleting isr change notifications (kafka.controller.KafkaController)
[2020-04-20 13:14:09,636] INFO [Controller id=0] Initializing controller context (kafka.controller.KafkaController)
[2020-04-20 13:14:09,656] INFO [Controller id=0] Initialized broker epochs cache: Map(0 -> 215) (kafka.controller.KafkaController)
[2020-04-20 13:14:09,678] DEBUG [Controller id=0] Register BrokerModifications handler for Set(0) (kafka.controller.KafkaController)
[2020-04-20 13:14:09,773] DEBUG [Channel manager on controller 0]: Controller 0 trying to connect to broker 0 (kafka.controller.ControllerChannelManager)
[2020-04-20 13:14:09,833] INFO [RequestSendThread controllerId=0] Starting (kafka.controller.RequestSendThread)
[2020-04-20 13:14:09,834] INFO [Controller id=0] Currently active brokers in the cluster: Set(0) (kafka.controller.KafkaController)
[2020-04-20 13:14:09,835] INFO [Controller id=0] Currently shutting brokers in the cluster: Set() (kafka.controller.KafkaController)
[2020-04-20 13:14:09,836] INFO [Controller id=0] Current list of topics in the cluster: Set(ReportTopic, __consumer_offsets, BatchTopic, AlarmTopic) (kafka.controller.KafkaController)
[2020-04-20 13:14:09,837] INFO [Controller id=0] Fetching topic deletions in progress (kafka.controller.KafkaController)
[2020-04-20 13:14:09,859] INFO [Controller id=0] List of topics to be deleted: ReportTopic,AlarmTopic,BatchTopic (kafka.controller.KafkaController)
[2020-04-20 13:14:09,860] INFO [Controller id=0] List of topics ineligible for deletion:  (kafka.controller.KafkaController)
[2020-04-20 13:14:09,860] INFO [Controller id=0] Initializing topic deletion manager (kafka.controller.KafkaController)
[2020-04-20 13:14:09,861] INFO [Topic Deletion Manager 0] Initializing manager with initial deletions: Set(ReportTopic, AlarmTopic, BatchTopic), initial ineligible deletions: Set() (kafka.controller.TopicDeletionManager)
[2020-04-20 13:14:09,867] INFO [Controller id=0] Sending update metadata request (kafka.controller.KafkaController)
[2020-04-20 13:14:09,887] INFO [ReplicaStateMachine controllerId=0] Initializing replica state (kafka.controller.ZkReplicaStateMachine)
[2020-04-20 13:14:09,899] INFO [RequestSendThread controllerId=0] Controller 0 connected to gabriel-pc:9092 (id: 0 rack: null) for sending state change requests (kafka.controller.RequestSendThread)
[2020-04-20 13:14:09,900] INFO [ReplicaStateMachine controllerId=0] Triggering online replica state changes (kafka.controller.ZkReplicaStateMachine)
[2020-04-20 13:14:10,188] INFO [ReplicaStateMachine controllerId=0] Triggering offline replica state changes (kafka.controller.ZkReplicaStateMachine)
[2020-04-20 13:14:10,189] DEBUG [ReplicaStateMachine controllerId=0] Started replica state machine with initial state -> Map([Topic=BatchTopic,Partition=0,Replica=0] -> OnlineReplica, [Topic=__consumer_offsets,Partition=21,Replica=0] -> OnlineReplica, [Topic=AlarmTopic,Partition=0,Replica=0] -> OnlineReplica, [Topic=__consumer_offsets,Partition=42,Replica=0] -> OnlineReplica, [Topic=__consumer_offsets,Partition=46,Replica=0] -> OnlineReplica, [Topic=__consumer_offsets,Partition=39,Replica=0] -> OnlineReplica, [Topic=__consumer_offsets,Partition=7,Replica=0] -> OnlineReplica, [Topic=__consumer_offsets,Partition=13,Replica=0] -> OnlineReplica, [Topic=__consumer_offsets,Partition=49,Replica=0] -> OnlineReplica, [Topic=__consumer_offsets,Partition=48,Replica=0] -> OnlineReplica, [Topic=__consumer_offsets,Partition=15,Replica=0] -> OnlineReplica, [Topic=__consumer_offsets,Partition=38,Replica=0] -> OnlineReplica, [Topic=__consumer_offsets,Partition=2,Replica=0] -> OnlineReplica, [Topic=__consumer_offsets,Partition=28,Replica=0] -> OnlineReplica, [Topic=__consumer_offsets,Partition=23,Replica=0] -> OnlineReplica, [Topic=__consumer_offsets,Partition=32,Replica=0] -> OnlineReplica, [Topic=__consumer_offsets,Partition=10,Replica=0] -> OnlineReplica, [Topic=__consumer_offsets,Partition=18,Replica=0] -> OnlineReplica, [Topic=__consumer_offsets,Partition=33,Replica=0] -> OnlineReplica, [Topic=__consumer_offsets,Partition=5,Replica=0] -> OnlineReplica, [Topic=__consumer_offsets,Partition=17,Replica=0] -> OnlineReplica, [Topic=__consumer_offsets,Partition=8,Replica=0] -> OnlineReplica, [Topic=__consumer_offsets,Partition=19,Replica=0] -> OnlineReplica, [Topic=__consumer_offsets,Partition=37,Replica=0] -> OnlineReplica, [Topic=__consumer_offsets,Partition=43,Replica=0] -> OnlineReplica, [Topic=__consumer_offsets,Partition=6,Replica=0] -> OnlineReplica, [Topic=__consumer_offsets,Partition=9,Replica=0] -> OnlineReplica, [Topic=__consumer_offsets,Partition=3,Replica=0] -> OnlineReplica, [Topic=__consumer_offsets,Partition=30,Replica=0] -> OnlineReplica, [Topic=__consumer_offsets,Partition=25,Replica=0] -> OnlineReplica, [Topic=__consumer_offsets,Partition=47,Replica=0] -> OnlineReplica, [Topic=__consumer_offsets,Partition=36,Replica=0] -> OnlineReplica, [Topic=__consumer_offsets,Partition=11,Replica=0] -> OnlineReplica, [Topic=__consumer_offsets,Partition=34,Replica=0] -> OnlineReplica, [Topic=__consumer_offsets,Partition=27,Replica=0] -> OnlineReplica, [Topic=__consumer_offsets,Partition=12,Replica=0] -> OnlineReplica, [Topic=__consumer_offsets,Partition=44,Replica=0] -> OnlineReplica, [Topic=__consumer_offsets,Partition=1,Replica=0] -> OnlineReplica, [Topic=__consumer_offsets,Partition=45,Replica=0] -> OnlineReplica, [Topic=__consumer_offsets,Partition=24,Replica=0] -> OnlineReplica, [Topic=__consumer_offsets,Partition=22,Replica=0] -> OnlineReplica, [Topic=__consumer_offsets,Partition=0,Replica=0] -> OnlineReplica, [Topic=__consumer_offsets,Partition=31,Replica=0] -> OnlineReplica, [Topic=__consumer_offsets,Partition=14,Replica=0] -> OnlineReplica, [Topic=__consumer_offsets,Partition=40,Replica=0] -> OnlineReplica, [Topic=__consumer_offsets,Partition=4,Replica=0] -> OnlineReplica, [Topic=__consumer_offsets,Partition=20,Replica=0] -> OnlineReplica, [Topic=__consumer_offsets,Partition=41,Replica=0] -> OnlineReplica, [Topic=ReportTopic,Partition=0,Replica=0] -> OnlineReplica, [Topic=__consumer_offsets,Partition=26,Replica=0] -> OnlineReplica, [Topic=__consumer_offsets,Partition=29,Replica=0] -> OnlineReplica, [Topic=__consumer_offsets,Partition=16,Replica=0] -> OnlineReplica, [Topic=__consumer_offsets,Partition=35,Replica=0] -> OnlineReplica) (kafka.controller.ZkReplicaStateMachine)
[2020-04-20 13:14:10,190] INFO [PartitionStateMachine controllerId=0] Initializing partition state (kafka.controller.ZkPartitionStateMachine)
[2020-04-20 13:14:10,202] INFO [PartitionStateMachine controllerId=0] Triggering online partition state changes (kafka.controller.ZkPartitionStateMachine)
[2020-04-20 13:14:10,229] DEBUG [PartitionStateMachine controllerId=0] Started partition state machine with initial state -> Map(__consumer_offsets-49 -> OnlinePartition, __consumer_offsets-38 -> OnlinePartition, __consumer_offsets-16 -> OnlinePartition, __consumer_offsets-27 -> OnlinePartition, __consumer_offsets-8 -> OnlinePartition, __consumer_offsets-19 -> OnlinePartition, __consumer_offsets-13 -> OnlinePartition, __consumer_offsets-2 -> OnlinePartition, __consumer_offsets-46 -> OnlinePartition, __consumer_offsets-35 -> OnlinePartition, __consumer_offsets-24 -> OnlinePartition, __consumer_offsets-5 -> OnlinePartition, __consumer_offsets-43 -> OnlinePartition, __consumer_offsets-32 -> OnlinePartition, __consumer_offsets-21 -> OnlinePartition, __consumer_offsets-10 -> OnlinePartition, __consumer_offsets-37 -> OnlinePartition, __consumer_offsets-48 -> OnlinePartition, __consumer_offsets-40 -> OnlinePartition, __consumer_offsets-18 -> OnlinePartition, __consumer_offsets-29 -> OnlinePartition, __consumer_offsets-7 -> OnlinePartition, __consumer_offsets-34 -> OnlinePartition, __consumer_offsets-23 -> OnlinePartition, __consumer_offsets-45 -> OnlinePartition, __consumer_offsets-26 -> OnlinePartition, __consumer_offsets-4 -> OnlinePartition, __consumer_offsets-15 -> OnlinePartition, __consumer_offsets-42 -> OnlinePartition, __consumer_offsets-31 -> OnlinePartition, __consumer_offsets-9 -> OnlinePartition, __consumer_offsets-20 -> OnlinePartition, __consumer_offsets-12 -> OnlinePartition, __consumer_offsets-1 -> OnlinePartition, __consumer_offsets-28 -> OnlinePartition, ReportTopic-0 -> OnlinePartition, __consumer_offsets-17 -> OnlinePartition, __consumer_offsets-6 -> OnlinePartition, __consumer_offsets-39 -> OnlinePartition, __consumer_offsets-44 -> OnlinePartition, BatchTopic-0 -> OnlinePartition, __consumer_offsets-36 -> OnlinePartition, __consumer_offsets-47 -> OnlinePartition, __consumer_offsets-3 -> OnlinePartition, __consumer_offsets-25 -> OnlinePartition, __consumer_offsets-14 -> OnlinePartition, __consumer_offsets-30 -> OnlinePartition, AlarmTopic-0 -> OnlinePartition, __consumer_offsets-41 -> OnlinePartition, __consumer_offsets-33 -> OnlinePartition, __consumer_offsets-22 -> OnlinePartition, __consumer_offsets-11 -> OnlinePartition, __consumer_offsets-0 -> OnlinePartition) (kafka.controller.ZkPartitionStateMachine)
[2020-04-20 13:14:10,230] INFO [Controller id=0] Ready to serve as the new controller with epoch 2 (kafka.controller.KafkaController)
[2020-04-20 13:14:10,242] INFO [Topic Deletion Manager 0] Handling deletion for topics AlarmTopic,BatchTopic,ReportTopic (kafka.controller.TopicDeletionManager)
[2020-04-20 13:14:10,246] INFO [Topic Deletion Manager 0] Deletion of topic AlarmTopic (re)started (kafka.controller.TopicDeletionManager)
[2020-04-20 13:14:10,246] INFO [Topic Deletion Manager 0] Topic deletion callback for AlarmTopic (kafka.controller.TopicDeletionManager)
[2020-04-20 13:14:10,297] INFO [Topic Deletion Manager 0] Partition deletion callback for AlarmTopic-0 (kafka.controller.TopicDeletionManager)
[2020-04-20 13:14:10,459] DEBUG The stop replica request (delete = false) sent to broker 0 is StopReplicaRequestInfo([Topic=AlarmTopic,Partition=0,Replica=0],false) (kafka.controller.ControllerBrokerRequestBatch)
[2020-04-20 13:14:10,461] DEBUG [Topic Deletion Manager 0] Deletion started for replicas [Topic=AlarmTopic,Partition=0,Replica=0] (kafka.controller.TopicDeletionManager)
[2020-04-20 13:14:10,465] DEBUG The stop replica request (delete = true) sent to broker 0 is StopReplicaRequestInfo([Topic=AlarmTopic,Partition=0,Replica=0],true) (kafka.controller.ControllerBrokerRequestBatch)
[2020-04-20 13:14:10,466] INFO [Topic Deletion Manager 0] Deletion of topic BatchTopic (re)started (kafka.controller.TopicDeletionManager)
[2020-04-20 13:14:10,466] INFO [Topic Deletion Manager 0] Topic deletion callback for BatchTopic (kafka.controller.TopicDeletionManager)
[2020-04-20 13:14:10,470] INFO [Topic Deletion Manager 0] Partition deletion callback for BatchTopic-0 (kafka.controller.TopicDeletionManager)
[2020-04-20 13:14:10,499] DEBUG The stop replica request (delete = false) sent to broker 0 is StopReplicaRequestInfo([Topic=BatchTopic,Partition=0,Replica=0],false) (kafka.controller.ControllerBrokerRequestBatch)
[2020-04-20 13:14:10,499] DEBUG [Topic Deletion Manager 0] Deletion started for replicas [Topic=BatchTopic,Partition=0,Replica=0] (kafka.controller.TopicDeletionManager)
[2020-04-20 13:14:10,500] DEBUG The stop replica request (delete = true) sent to broker 0 is StopReplicaRequestInfo([Topic=BatchTopic,Partition=0,Replica=0],true) (kafka.controller.ControllerBrokerRequestBatch)
[2020-04-20 13:14:10,501] INFO [Topic Deletion Manager 0] Deletion of topic ReportTopic (re)started (kafka.controller.TopicDeletionManager)
[2020-04-20 13:14:10,501] INFO [Topic Deletion Manager 0] Topic deletion callback for ReportTopic (kafka.controller.TopicDeletionManager)
[2020-04-20 13:14:10,504] INFO [Topic Deletion Manager 0] Partition deletion callback for ReportTopic-0 (kafka.controller.TopicDeletionManager)
[2020-04-20 13:14:10,522] DEBUG The stop replica request (delete = false) sent to broker 0 is StopReplicaRequestInfo([Topic=ReportTopic,Partition=0,Replica=0],false) (kafka.controller.ControllerBrokerRequestBatch)
[2020-04-20 13:14:10,523] DEBUG [Topic Deletion Manager 0] Deletion started for replicas [Topic=ReportTopic,Partition=0,Replica=0] (kafka.controller.TopicDeletionManager)
[2020-04-20 13:14:10,524] DEBUG The stop replica request (delete = true) sent to broker 0 is StopReplicaRequestInfo([Topic=ReportTopic,Partition=0,Replica=0],true) (kafka.controller.ControllerBrokerRequestBatch)
[2020-04-20 13:14:10,546] INFO [Controller id=0] Partitions undergoing preferred replica election:  (kafka.controller.KafkaController)
[2020-04-20 13:14:10,547] INFO [Controller id=0] Partitions that completed preferred replica election:  (kafka.controller.KafkaController)
[2020-04-20 13:14:10,548] INFO [Controller id=0] Skipping preferred replica election for partitions due to topic deletion:  (kafka.controller.KafkaController)
[2020-04-20 13:14:10,548] INFO [Controller id=0] Resuming preferred replica election for partitions:  (kafka.controller.KafkaController)
[2020-04-20 13:14:10,551] INFO [Controller id=0] Starting replica leader election (PREFERRED) for partitions  triggered by ZkTriggered (kafka.controller.KafkaController)
[2020-04-20 13:14:10,579] INFO [Controller id=0] Starting the controller scheduler (kafka.controller.KafkaController)
[2020-04-20 13:14:11,638] DEBUG [Controller id=0] Delete topic callback invoked on StopReplica response received from broker 0: request error = NONE, partition errors = Map(AlarmTopic-0 -> NONE) (kafka.controller.KafkaController)
[2020-04-20 13:14:11,643] DEBUG [Topic Deletion Manager 0] Deletion successfully completed for replicas [Topic=AlarmTopic,Partition=0,Replica=0] (kafka.controller.TopicDeletionManager)
[2020-04-20 13:14:11,645] INFO [Topic Deletion Manager 0] Handling deletion for topics AlarmTopic,BatchTopic,ReportTopic (kafka.controller.TopicDeletionManager)
[2020-04-20 13:14:11,696] INFO [Topic Deletion Manager 0] Deletion of topic AlarmTopic successfully completed (kafka.controller.TopicDeletionManager)
[2020-04-20 13:14:11,698] DEBUG [Controller id=0] Delete topic callback invoked on StopReplica response received from broker 0: request error = NONE, partition errors = Map(BatchTopic-0 -> NONE) (kafka.controller.KafkaController)
[2020-04-20 13:14:11,698] DEBUG [Topic Deletion Manager 0] Deletion successfully completed for replicas [Topic=BatchTopic,Partition=0,Replica=0] (kafka.controller.TopicDeletionManager)
[2020-04-20 13:14:11,699] INFO [Topic Deletion Manager 0] Handling deletion for topics BatchTopic,ReportTopic (kafka.controller.TopicDeletionManager)
[2020-04-20 13:14:11,746] INFO [Topic Deletion Manager 0] Deletion of topic BatchTopic successfully completed (kafka.controller.TopicDeletionManager)
[2020-04-20 13:14:11,751] INFO [Controller id=0] New topics: [Set()], deleted topics: [Set()], new partition replica assignment [Map()] (kafka.controller.KafkaController)
[2020-04-20 13:14:11,759] DEBUG [Controller id=0] Delete topics listener fired for topics ReportTopic to be deleted (kafka.controller.KafkaController)
[2020-04-20 13:14:11,763] INFO [Controller id=0] Starting topic deletion for topics ReportTopic (kafka.controller.KafkaController)
[2020-04-20 13:14:11,765] INFO [Topic Deletion Manager 0] Handling deletion for topics ReportTopic (kafka.controller.TopicDeletionManager)
[2020-04-20 13:14:11,767] DEBUG [Controller id=0] Delete topic callback invoked on StopReplica response received from broker 0: request error = NONE, partition errors = Map(ReportTopic-0 -> NONE) (kafka.controller.KafkaController)
[2020-04-20 13:14:11,774] DEBUG [Topic Deletion Manager 0] Deletion successfully completed for replicas [Topic=ReportTopic,Partition=0,Replica=0] (kafka.controller.TopicDeletionManager)
[2020-04-20 13:14:11,775] INFO [Topic Deletion Manager 0] Handling deletion for topics ReportTopic (kafka.controller.TopicDeletionManager)
[2020-04-20 13:14:11,812] INFO [Topic Deletion Manager 0] Deletion of topic ReportTopic successfully completed (kafka.controller.TopicDeletionManager)
[2020-04-20 13:14:11,819] INFO [Controller id=0] New topics: [Set()], deleted topics: [Set()], new partition replica assignment [Map()] (kafka.controller.KafkaController)
[2020-04-20 13:14:11,851] DEBUG [Controller id=0] Delete topics listener fired for topics  to be deleted (kafka.controller.KafkaController)
[2020-04-20 13:14:15,582] INFO [Controller id=0] Processing automatic preferred replica leader election (kafka.controller.KafkaController)
[2020-04-20 13:14:15,583] TRACE [Controller id=0] Checking need to trigger auto leader balancing (kafka.controller.KafkaController)
[2020-04-20 13:14:15,595] DEBUG [Controller id=0] Preferred replicas by broker Map(0 -> Map(__consumer_offsets-22 -> Vector(0), __consumer_offsets-30 -> Vector(0), __consumer_offsets-8 -> Vector(0), __consumer_offsets-21 -> Vector(0), __consumer_offsets-4 -> Vector(0), __consumer_offsets-27 -> Vector(0), __consumer_offsets-7 -> Vector(0), __consumer_offsets-9 -> Vector(0), __consumer_offsets-46 -> Vector(0), __consumer_offsets-25 -> Vector(0), __consumer_offsets-35 -> Vector(0), __consumer_offsets-41 -> Vector(0), __consumer_offsets-33 -> Vector(0), __consumer_offsets-23 -> Vector(0), __consumer_offsets-49 -> Vector(0), __consumer_offsets-47 -> Vector(0), __consumer_offsets-16 -> Vector(0), __consumer_offsets-28 -> Vector(0), __consumer_offsets-31 -> Vector(0), __consumer_offsets-36 -> Vector(0), __consumer_offsets-42 -> Vector(0), __consumer_offsets-3 -> Vector(0), __consumer_offsets-18 -> Vector(0), __consumer_offsets-37 -> Vector(0), __consumer_offsets-15 -> Vector(0), __consumer_offsets-24 -> Vector(0), __consumer_offsets-38 -> Vector(0), __consumer_offsets-17 -> Vector(0), __consumer_offsets-48 -> Vector(0), __consumer_offsets-19 -> Vector(0), __consumer_offsets-11 -> Vector(0), __consumer_offsets-13 -> Vector(0), __consumer_offsets-2 -> Vector(0), __consumer_offsets-43 -> Vector(0), __consumer_offsets-6 -> Vector(0), __consumer_offsets-14 -> Vector(0), __consumer_offsets-20 -> Vector(0), __consumer_offsets-0 -> Vector(0), __consumer_offsets-44 -> Vector(0), __consumer_offsets-39 -> Vector(0), __consumer_offsets-12 -> Vector(0), __consumer_offsets-45 -> Vector(0), __consumer_offsets-1 -> Vector(0), __consumer_offsets-5 -> Vector(0), __consumer_offsets-26 -> Vector(0), __consumer_offsets-29 -> Vector(0), __consumer_offsets-34 -> Vector(0), __consumer_offsets-10 -> Vector(0), __consumer_offsets-32 -> Vector(0), __consumer_offsets-40 -> Vector(0))) (kafka.controller.KafkaController)
[2020-04-20 13:14:15,601] DEBUG [Controller id=0] Topics not in preferred replica for broker 0 Map() (kafka.controller.KafkaController)
[2020-04-20 13:14:15,605] TRACE [Controller id=0] Leader imbalance ratio for broker 0 is 0.0 (kafka.controller.KafkaController)
[2020-04-20 13:14:22,658] INFO [Controller id=0] New topics: [Set(BatchTopic)], deleted topics: [Set()], new partition replica assignment [Map(BatchTopic-0 -> ReplicaAssignment(replicas=0, addingReplicas=, removingReplicas=))] (kafka.controller.KafkaController)
[2020-04-20 13:14:22,660] INFO [Controller id=0] New partition creation callback for BatchTopic-0 (kafka.controller.KafkaController)
[2020-04-20 13:14:23,377] INFO [Controller id=0] New topics: [Set(AlarmTopic)], deleted topics: [Set()], new partition replica assignment [Map(AlarmTopic-0 -> ReplicaAssignment(replicas=0, addingReplicas=, removingReplicas=))] (kafka.controller.KafkaController)
[2020-04-20 13:14:23,377] INFO [Controller id=0] New partition creation callback for AlarmTopic-0 (kafka.controller.KafkaController)
[2020-04-20 13:14:23,610] INFO [Controller id=0] New topics: [Set(ReportTopic)], deleted topics: [Set()], new partition replica assignment [Map(ReportTopic-0 -> ReplicaAssignment(replicas=0, addingReplicas=, removingReplicas=))] (kafka.controller.KafkaController)
[2020-04-20 13:14:23,610] INFO [Controller id=0] New partition creation callback for ReportTopic-0 (kafka.controller.KafkaController)
[2020-04-20 13:19:15,606] INFO [Controller id=0] Processing automatic preferred replica leader election (kafka.controller.KafkaController)
[2020-04-20 13:19:15,606] TRACE [Controller id=0] Checking need to trigger auto leader balancing (kafka.controller.KafkaController)
[2020-04-20 13:19:15,612] DEBUG [Controller id=0] Preferred replicas by broker Map(0 -> Map(__consumer_offsets-22 -> Vector(0), __consumer_offsets-30 -> Vector(0), AlarmTopic-0 -> Vector(0), __consumer_offsets-8 -> Vector(0), __consumer_offsets-21 -> Vector(0), __consumer_offsets-4 -> Vector(0), __consumer_offsets-27 -> Vector(0), __consumer_offsets-7 -> Vector(0), __consumer_offsets-9 -> Vector(0), __consumer_offsets-46 -> Vector(0), __consumer_offsets-25 -> Vector(0), __consumer_offsets-35 -> Vector(0), __consumer_offsets-41 -> Vector(0), __consumer_offsets-33 -> Vector(0), __consumer_offsets-23 -> Vector(0), __consumer_offsets-49 -> Vector(0), __consumer_offsets-47 -> Vector(0), __consumer_offsets-16 -> Vector(0), __consumer_offsets-28 -> Vector(0), __consumer_offsets-31 -> Vector(0), __consumer_offsets-36 -> Vector(0), __consumer_offsets-42 -> Vector(0), __consumer_offsets-3 -> Vector(0), __consumer_offsets-18 -> Vector(0), __consumer_offsets-37 -> Vector(0), __consumer_offsets-15 -> Vector(0), __consumer_offsets-24 -> Vector(0), ReportTopic-0 -> Vector(0), __consumer_offsets-38 -> Vector(0), __consumer_offsets-17 -> Vector(0), __consumer_offsets-48 -> Vector(0), __consumer_offsets-19 -> Vector(0), __consumer_offsets-11 -> Vector(0), __consumer_offsets-13 -> Vector(0), __consumer_offsets-2 -> Vector(0), __consumer_offsets-43 -> Vector(0), __consumer_offsets-6 -> Vector(0), __consumer_offsets-14 -> Vector(0), BatchTopic-0 -> Vector(0), __consumer_offsets-20 -> Vector(0), __consumer_offsets-0 -> Vector(0), __consumer_offsets-44 -> Vector(0), __consumer_offsets-39 -> Vector(0), __consumer_offsets-12 -> Vector(0), __consumer_offsets-45 -> Vector(0), __consumer_offsets-1 -> Vector(0), __consumer_offsets-5 -> Vector(0), __consumer_offsets-26 -> Vector(0), __consumer_offsets-29 -> Vector(0), __consumer_offsets-34 -> Vector(0), __consumer_offsets-10 -> Vector(0), __consumer_offsets-32 -> Vector(0), __consumer_offsets-40 -> Vector(0))) (kafka.controller.KafkaController)
[2020-04-20 13:19:15,613] DEBUG [Controller id=0] Topics not in preferred replica for broker 0 Map() (kafka.controller.KafkaController)
[2020-04-20 13:19:15,613] TRACE [Controller id=0] Leader imbalance ratio for broker 0 is 0.0 (kafka.controller.KafkaController)
[2020-04-20 13:24:15,613] INFO [Controller id=0] Processing automatic preferred replica leader election (kafka.controller.KafkaController)
[2020-04-20 13:24:15,614] TRACE [Controller id=0] Checking need to trigger auto leader balancing (kafka.controller.KafkaController)
[2020-04-20 13:24:15,618] DEBUG [Controller id=0] Preferred replicas by broker Map(0 -> Map(__consumer_offsets-22 -> Vector(0), __consumer_offsets-30 -> Vector(0), AlarmTopic-0 -> Vector(0), __consumer_offsets-8 -> Vector(0), __consumer_offsets-21 -> Vector(0), __consumer_offsets-4 -> Vector(0), __consumer_offsets-27 -> Vector(0), __consumer_offsets-7 -> Vector(0), __consumer_offsets-9 -> Vector(0), __consumer_offsets-46 -> Vector(0), __consumer_offsets-25 -> Vector(0), __consumer_offsets-35 -> Vector(0), __consumer_offsets-41 -> Vector(0), __consumer_offsets-33 -> Vector(0), __consumer_offsets-23 -> Vector(0), __consumer_offsets-49 -> Vector(0), __consumer_offsets-47 -> Vector(0), __consumer_offsets-16 -> Vector(0), __consumer_offsets-28 -> Vector(0), __consumer_offsets-31 -> Vector(0), __consumer_offsets-36 -> Vector(0), __consumer_offsets-42 -> Vector(0), __consumer_offsets-3 -> Vector(0), __consumer_offsets-18 -> Vector(0), __consumer_offsets-37 -> Vector(0), __consumer_offsets-15 -> Vector(0), __consumer_offsets-24 -> Vector(0), ReportTopic-0 -> Vector(0), __consumer_offsets-38 -> Vector(0), __consumer_offsets-17 -> Vector(0), __consumer_offsets-48 -> Vector(0), __consumer_offsets-19 -> Vector(0), __consumer_offsets-11 -> Vector(0), __consumer_offsets-13 -> Vector(0), __consumer_offsets-2 -> Vector(0), __consumer_offsets-43 -> Vector(0), __consumer_offsets-6 -> Vector(0), __consumer_offsets-14 -> Vector(0), BatchTopic-0 -> Vector(0), __consumer_offsets-20 -> Vector(0), __consumer_offsets-0 -> Vector(0), __consumer_offsets-44 -> Vector(0), __consumer_offsets-39 -> Vector(0), __consumer_offsets-12 -> Vector(0), __consumer_offsets-45 -> Vector(0), __consumer_offsets-1 -> Vector(0), __consumer_offsets-5 -> Vector(0), __consumer_offsets-26 -> Vector(0), __consumer_offsets-29 -> Vector(0), __consumer_offsets-34 -> Vector(0), __consumer_offsets-10 -> Vector(0), __consumer_offsets-32 -> Vector(0), __consumer_offsets-40 -> Vector(0))) (kafka.controller.KafkaController)
[2020-04-20 13:24:15,619] DEBUG [Controller id=0] Topics not in preferred replica for broker 0 Map() (kafka.controller.KafkaController)
[2020-04-20 13:24:15,619] TRACE [Controller id=0] Leader imbalance ratio for broker 0 is 0.0 (kafka.controller.KafkaController)
